
KINSOL starting step for time 1.000000
scsteptol used:        1e-10 
fnormtol  used:        1e-09 
KINSolInit nni=    0  fnorm=          5477.225575051662  nfe=     1 
KINSol nni=    1 fnorm=          5475.234897163025 nfe=    22
KINSol nni=    2 fnorm=          5462.113018639797 nfe=    41
KINSol nni=    3 fnorm=          5424.079538825816 nfe=    50
KINSol nni=    4 fnorm=          5150.547030087504 nfe=    62
KINSol nni=    5 fnorm=          2399.263068343667 nfe=    70
KINSol nni=    6 fnorm=          713.5558835669316 nfe=    78
KINSol nni=    7 fnorm=          73.40647854488299 nfe=    84
KINSol nni=    8 fnorm=         0.6775293302696342 nfe=    90
KINSol nni=    9 fnorm=       0.001081228066274436 nfe=    97
KINSol nni=   10 fnorm=       8.17228189155823e-07 nfe=   104
KINSol nni=   11 fnorm=      1.253820540673707e-08 nfe=   112
KINSol nni=   12 fnorm=      1.252993133748594e-08 nfe=   119
KINSol nni=   13 fnorm=      1.250389076213794e-08 nfe=   123
KINSol nni=   14 fnorm=      1.247726129167529e-08 nfe=   127
KINSol nni=   15 fnorm=      2.583632716283444e-09 nfe=   131
KINSol nni=   16 fnorm=      5.189020651616917e-11 nfe=   134
KINSol return value 1
---KINSOL_SUCCESS

-------------------------------------------------- 
                    Iteration             Total
Nonlin. Its.:              16                16
Lin. Its.:                 62                62
Func. Evals.:             134               134
PC Evals.:                 16                16
PC Solves:                 78                78
Lin. Conv. Fails:           0                 0
Beta Cond. Fails:           0                 0
Backtracks:                 0                 0
-------------------------------------------------- 

KINSOL starting step for time 2.000000
scsteptol used:        1e-10 
fnormtol  used:        1e-09 
KINSolInit nni=    0  fnorm=          5282.947567561718  nfe=     1 
KINSol nni=    1 fnorm=          757.6022350210906 nfe=     9
KINSol nni=    2 fnorm=          136.7569931590793 nfe=    15
KINSol nni=    3 fnorm=          2.828667207731149 nfe=    21
KINSol nni=    4 fnorm=       0.002829643718072273 nfe=    26
KINSol nni=    5 fnorm=       0.002809769413220344 nfe=    38
KINSol nni=    6 fnorm=      4.218259881686642e-07 nfe=    45
KINSol nni=    7 fnorm=       2.66726347396278e-09 nfe=    53
KINSol nni=    8 fnorm=       2.66726347396278e-09 nfe=    65
KINSol return value 3
---KINSOL_STEP_LT_STPTOL

-------------------------------------------------- 
                    Iteration             Total
Nonlin. Its.:               8                24
Lin. Its.:                 41               103
Func. Evals.:              65               199
PC Evals.:                  8                24
PC Solves:                 49               127
Lin. Conv. Fails:           0                 0
Beta Cond. Fails:           0                 0
Backtracks:                 2                 2
-------------------------------------------------- 

KINSOL starting step for time 1.500000
scsteptol used:        1e-10 
fnormtol  used:        1e-09 
KINSolInit nni=    0  fnorm=          2641.473783780859  nfe=     1 
KINSol nni=    1 fnorm=          1422.264867369644 nfe=     7
KINSol nni=    2 fnorm=          141.0138981850613 nfe=    12
KINSol nni=    3 fnorm=          1.707275406862443 nfe=    18
KINSol nni=    4 fnorm=       0.001647999926427925 nfe=    23
KINSol nni=    5 fnorm=       9.18748339442529e-08 nfe=    29
KINSol nni=    6 fnorm=      6.710455813561476e-10 nfe=    36
KINSol return value 1
---KINSOL_SUCCESS

-------------------------------------------------- 
                    Iteration             Total
Nonlin. Its.:               6                30
Lin. Its.:                 23               126
Func. Evals.:              36               235
PC Evals.:                  6                30
PC Solves:                 29               156
Lin. Conv. Fails:           0                 0
Beta Cond. Fails:           0                 0
Backtracks:                 0                 2
-------------------------------------------------- 

KINSOL starting step for time 2.000000
scsteptol used:        1e-10 
fnormtol  used:        1e-09 
KINSolInit nni=    0  fnorm=          2483.885368227529  nfe=     1 
KINSol nni=    1 fnorm=          722.8791060811614 nfe=     7
KINSol nni=    2 fnorm=          36.59557756784086 nfe=    12
KINSol nni=    3 fnorm=         0.1186029084981422 nfe=    17
KINSol nni=    4 fnorm=      1.891133216932453e-05 nfe=    23
KINSol nni=    5 fnorm=      1.550266011037653e-08 nfe=    29
KINSol nni=    6 fnorm=      8.195232567136686e-10 nfe=    35
KINSol return value 1
---KINSOL_SUCCESS

-------------------------------------------------- 
                    Iteration             Total
Nonlin. Its.:               6                36
Lin. Its.:                 22               148
Func. Evals.:              35               270
PC Evals.:                  6                36
PC Solves:                 28               184
Lin. Conv. Fails:           0                 0
Beta Cond. Fails:           0                 0
Backtracks:                 0                 2
-------------------------------------------------- 

KINSOL starting step for time 3.000000
scsteptol used:        1e-10 
fnormtol  used:        1e-09 
KINSolInit nni=    0  fnorm=          4573.443783461574  nfe=     1 
KINSol nni=    1 fnorm=          1882.790166626939 nfe=     7
KINSol nni=    2 fnorm=           280.832209647864 nfe=    14
KINSol nni=    3 fnorm=          9.315977884836315 nfe=    20
KINSol nni=    4 fnorm=          2.227602377445787 nfe=    36
KINSol nni=    5 fnorm=         0.4796336328539741 nfe=    39
KINSol nni=    6 fnorm=         0.1169675392508382 nfe=    43
KINSol nni=    7 fnorm=        0.08686305008581227 nfe=    48
KINSol nni=    8 fnorm=        0.03635377634877562 nfe=    52
KINSol nni=    9 fnorm=       0.004416936371168995 nfe=    56
KINSol nni=   10 fnorm=        0.00427348776718735 nfe=    64
KINSol nni=   11 fnorm=        0.00208498955761685 nfe=    70
KINSol nni=   12 fnorm=       0.001655461139663064 nfe=    79
KINSol nni=   13 fnorm=       0.001576615550192404 nfe=    90
KINSol nni=   14 fnorm=      0.0008101407442224693 nfe=    95
KINSol nni=   15 fnorm=      0.0007666780832576171 nfe=    99
KINSol nni=   16 fnorm=      0.0006021987770899696 nfe=   104
KINSol nni=   17 fnorm=      0.0005426469077605203 nfe=   109
KINSol nni=   18 fnorm=       0.000412071798786728 nfe=   114
KINSol nni=   19 fnorm=      0.0001854765138241085 nfe=   120
KINSol nni=   20 fnorm=      0.0001460644988518206 nfe=   128
KINSol nni=   21 fnorm=      0.0001430521512464605 nfe=   136
KINSol nni=   22 fnorm=        6.4380618006807e-05 nfe=   142
KINSol nni=   23 fnorm=      5.069998117426216e-05 nfe=   150
KINSol nni=   24 fnorm=      4.755154005546195e-05 nfe=   161
KINSol nni=   25 fnorm=      2.139872508969016e-05 nfe=   167
KINSol nni=   26 fnorm=      2.023942350779931e-05 nfe=   177
KINSol nni=   27 fnorm=      5.990205294363767e-09 nfe=   181
KINSol nni=   28 fnorm=      4.883297588736423e-11 nfe=   188
KINSol return value 1
---KINSOL_SUCCESS

-------------------------------------------------- 
                    Iteration             Total
Nonlin. Its.:              28                64
Lin. Its.:                 82               230
Func. Evals.:             188               458
PC Evals.:                 28                64
PC Solves:                110               294
Lin. Conv. Fails:           0                 0
Beta Cond. Fails:           0                 0
Backtracks:                 0                 2
-------------------------------------------------- 

KINSOL starting step for time 4.000000
scsteptol used:        1e-10 
fnormtol  used:        1e-09 
KINSolInit nni=    0  fnorm=          3861.017364204594  nfe=     1 
KINSol nni=    1 fnorm=          2608.230143098493 nfe=     8
KINSol nni=    2 fnorm=           509.797163886358 nfe=    14
KINSol nni=    3 fnorm=          18.24861818506254 nfe=    20
KINSol nni=    4 fnorm=        0.03004447782577925 nfe=    26
KINSol nni=    5 fnorm=      7.995241331302383e-06 nfe=    32
KINSol nni=    6 fnorm=      4.520036829294813e-09 nfe=    39
KINSol return value 1
---KINSOL_SUCCESS

-------------------------------------------------- 
                    Iteration             Total
Nonlin. Its.:               6                70
Lin. Its.:                 26               256
Func. Evals.:              39               497
PC Evals.:                  6                70
PC Solves:                 32               326
Lin. Conv. Fails:           0                 0
Beta Cond. Fails:           0                 0
Backtracks:                 0                 2
-------------------------------------------------- 

KINSOL starting step for time 5.000000
scsteptol used:        1e-10 
fnormtol  used:        1e-09 
KINSolInit nni=    0  fnorm=          3114.173065493241  nfe=     1 
KINSol nni=    1 fnorm=          1725.895869619309 nfe=     7
KINSol nni=    2 fnorm=          203.8562397252288 nfe=    13
KINSol nni=    3 fnorm=          2.556786417953272 nfe=    19
KINSol nni=    4 fnorm=      0.0005248258184459827 nfe=    25
KINSol nni=    5 fnorm=      4.467757206130343e-07 nfe=    32
KINSol nni=    6 fnorm=      4.250584824618995e-10 nfe=    39
KINSol return value 1
---KINSOL_SUCCESS

-------------------------------------------------- 
                    Iteration             Total
Nonlin. Its.:               6                76
Lin. Its.:                 26               282
Func. Evals.:              39               536
PC Evals.:                  6                76
PC Solves:                 32               358
Lin. Conv. Fails:           0                 0
Beta Cond. Fails:           0                 0
Backtracks:                 0                 2
-------------------------------------------------- 

KINSOL starting step for time 6.000000
scsteptol used:        1e-10 
fnormtol  used:        1e-09 
KINSolInit nni=    0  fnorm=          2921.364134961847  nfe=     1 
KINSol nni=    1 fnorm=          1370.089275798806 nfe=     7
KINSol nni=    2 fnorm=           28.8974025634296 nfe=    12
KINSol nni=    3 fnorm=        0.04384008668135481 nfe=    18
KINSol nni=    4 fnorm=      2.082090698199945e-05 nfe=    24
KINSol nni=    5 fnorm=      3.225686169281898e-09 nfe=    31
KINSol return value 1
---KINSOL_SUCCESS

-------------------------------------------------- 
                    Iteration             Total
Nonlin. Its.:               5                81
Lin. Its.:                 20               302
Func. Evals.:              31               567
PC Evals.:                  5                81
PC Solves:                 25               383
Lin. Conv. Fails:           0                 0
Beta Cond. Fails:           0                 0
Backtracks:                 0                 2
-------------------------------------------------- 

KINSOL starting step for time 7.000000
scsteptol used:        1e-10 
fnormtol  used:        1e-09 
KINSolInit nni=    0  fnorm=          3051.818851870559  nfe=     1 
KINSol nni=    1 fnorm=          896.7816224406259 nfe=     7
KINSol nni=    2 fnorm=          51.26187525227243 nfe=    11
KINSol nni=    3 fnorm=         0.1371380579061091 nfe=    16
KINSol nni=    4 fnorm=      1.649960816194997e-05 nfe=    22
KINSol nni=    5 fnorm=      3.439480451187724e-09 nfe=    28
KINSol return value 1
---KINSOL_SUCCESS

-------------------------------------------------- 
                    Iteration             Total
Nonlin. Its.:               5                86
Lin. Its.:                 17               319
Func. Evals.:              28               595
PC Evals.:                  5                86
PC Solves:                 22               405
Lin. Conv. Fails:           0                 0
Beta Cond. Fails:           0                 0
Backtracks:                 0                 2
-------------------------------------------------- 

KINSOL starting step for time 8.000000
scsteptol used:        1e-10 
fnormtol  used:        1e-09 
KINSolInit nni=    0  fnorm=          3414.130650465328  nfe=     1 
KINSol nni=    1 fnorm=          920.7632882609155 nfe=     6
KINSol nni=    2 fnorm=          36.82056048328479 nfe=    10
KINSol nni=    3 fnorm=        0.04858373181268132 nfe=    15
KINSol nni=    4 fnorm=      2.416901087553476e-05 nfe=    21
KINSol nni=    5 fnorm=      2.389016723122254e-08 nfe=    27
KINSol nni=    6 fnorm=       9.25496835653978e-11 nfe=    34
KINSol return value 1
---KINSOL_SUCCESS

-------------------------------------------------- 
                    Iteration             Total
Nonlin. Its.:               6                92
Lin. Its.:                 21               340
Func. Evals.:              34               629
PC Evals.:                  6                92
PC Solves:                 27               432
Lin. Conv. Fails:           0                 0
Beta Cond. Fails:           0                 0
Backtracks:                 0                 2
-------------------------------------------------- 

KINSOL starting step for time 9.000000
scsteptol used:        1e-10 
fnormtol  used:        1e-09 
KINSolInit nni=    0  fnorm=          3757.870165880575  nfe=     1 
KINSol nni=    1 fnorm=          776.0521746865675 nfe=     6
KINSol nni=    2 fnorm=          16.04984185448907 nfe=    10
KINSol nni=    3 fnorm=       0.006704957158610336 nfe=    15
KINSol nni=    4 fnorm=      6.043005916499841e-08 nfe=    22
KINSol nni=    5 fnorm=      8.559019838119729e-11 nfe=    29
KINSol return value 1
---KINSOL_SUCCESS

-------------------------------------------------- 
                    Iteration             Total
Nonlin. Its.:               5                97
Lin. Its.:                 18               358
Func. Evals.:              29               658
PC Evals.:                  5                97
PC Solves:                 23               455
Lin. Conv. Fails:           0                 0
Beta Cond. Fails:           0                 0
Backtracks:                 0                 2
-------------------------------------------------- 

KINSOL starting step for time 10.000000
scsteptol used:        1e-10 
fnormtol  used:        1e-09 
KINSolInit nni=    0  fnorm=          4005.561858746893  nfe=     1 
KINSol nni=    1 fnorm=          521.4604214632357 nfe=     5
KINSol nni=    2 fnorm=          3.481008604747321 nfe=    10
KINSol nni=    3 fnorm=      0.0009145995688215299 nfe=    15
KINSol nni=    4 fnorm=      2.565708912226241e-07 nfe=    21
KINSol nni=    5 fnorm=      2.156358390858156e-10 nfe=    27
KINSol return value 1
---KINSOL_SUCCESS

-------------------------------------------------- 
                    Iteration             Total
Nonlin. Its.:               5               102
Lin. Its.:                 16               374
Func. Evals.:              27               685
PC Evals.:                  5               102
PC Solves:                 21               476
Lin. Conv. Fails:           0                 0
Beta Cond. Fails:           0                 0
Backtracks:                 0                 2
-------------------------------------------------- 

KINSOL starting step for time 11.000000
scsteptol used:        1e-10 
fnormtol  used:        1e-09 
KINSolInit nni=    0  fnorm=          4162.419881041746  nfe=     1 
KINSol nni=    1 fnorm=          168.5487544452369 nfe=     5
KINSol nni=    2 fnorm=         0.6376339959056191 nfe=    10
KINSol nni=    3 fnorm=      0.0001923274489718474 nfe=    15
KINSol nni=    4 fnorm=      1.470058508382574e-08 nfe=    21
KINSol nni=    5 fnorm=      9.512545228544002e-11 nfe=    27
KINSol return value 1
---KINSOL_SUCCESS

-------------------------------------------------- 
                    Iteration             Total
Nonlin. Its.:               5               107
Lin. Its.:                 16               390
Func. Evals.:              27               712
PC Evals.:                  5               107
PC Solves:                 21               497
Lin. Conv. Fails:           0                 0
Beta Cond. Fails:           0                 0
Backtracks:                 0                 2
-------------------------------------------------- 

KINSOL starting step for time 12.000000
scsteptol used:        1e-10 
fnormtol  used:        1e-09 
KINSolInit nni=    0  fnorm=          4243.485967549205  nfe=     1 
KINSol nni=    1 fnorm=           475.377918197456 nfe=     5
KINSol nni=    2 fnorm=          26.71005439763611 nfe=    10
KINSol nni=    3 fnorm=         0.1225550298785189 nfe=    14
KINSol nni=    4 fnorm=      4.899354671910448e-06 nfe=    20
KINSol nni=    5 fnorm=      5.051552139252758e-10 nfe=    27
KINSol return value 1
---KINSOL_SUCCESS

-------------------------------------------------- 
                    Iteration             Total
Nonlin. Its.:               5               112
Lin. Its.:                 16               406
Func. Evals.:              27               739
PC Evals.:                  5               112
PC Solves:                 21               518
Lin. Conv. Fails:           0                 0
Beta Cond. Fails:           0                 0
Backtracks:                 0                 2
-------------------------------------------------- 

KINSOL starting step for time 13.000000
scsteptol used:        1e-10 
fnormtol  used:        1e-09 
KINSolInit nni=    0  fnorm=          4219.416214953948  nfe=     1 
KINSol nni=    1 fnorm=          2911.834206781391 nfe=     5
KINSol nni=    2 fnorm=          1067.197847942087 nfe=    12
KINSol nni=    3 fnorm=          124.1055486975224 nfe=    17
KINSol nni=    4 fnorm=          1.631587459283049 nfe=    21
KINSol nni=    5 fnorm=      0.0007482124872166527 nfe=    26
KINSol nni=    6 fnorm=      2.425581946757738e-07 nfe=    33
KINSol nni=    7 fnorm=      1.521789953140292e-10 nfe=    40
KINSol return value 1
---KINSOL_SUCCESS

-------------------------------------------------- 
                    Iteration             Total
Nonlin. Its.:               7               119
Lin. Its.:                 23               429
Func. Evals.:              40               779
PC Evals.:                  7               119
PC Solves:                 30               548
Lin. Conv. Fails:           0                 0
Beta Cond. Fails:           0                 0
Backtracks:                 0                 2
-------------------------------------------------- 

KINSOL starting step for time 14.000000
scsteptol used:        1e-10 
fnormtol  used:        1e-09 
KINSolInit nni=    0  fnorm=          3607.288537804573  nfe=     1 
KINSol nni=    1 fnorm=           2512.49893678591 nfe=     9
KINSol nni=    2 fnorm=          1198.560133078178 nfe=    16
KINSol nni=    3 fnorm=          315.3853215685543 nfe=    21
KINSol nni=    4 fnorm=          1.913731742751953 nfe=    25
KINSol nni=    5 fnorm=      0.0005039865928988763 nfe=    30
KINSol nni=    6 fnorm=      1.997240748692373e-07 nfe=    36
KINSol nni=    7 fnorm=      1.482055280370762e-10 nfe=    42
KINSol return value 1
---KINSOL_SUCCESS

-------------------------------------------------- 
                    Iteration             Total
Nonlin. Its.:               7               126
Lin. Its.:                 22               451
Func. Evals.:              42               821
PC Evals.:                  7               126
PC Solves:                 29               577
Lin. Conv. Fails:           0                 0
Beta Cond. Fails:           0                 0
Backtracks:                 0                 2
-------------------------------------------------- 

KINSOL starting step for time 15.000000
scsteptol used:        1e-10 
fnormtol  used:        1e-09 
KINSolInit nni=    0  fnorm=          4408.715834691254  nfe=     1 
KINSol nni=    1 fnorm=          151.7170410935985 nfe=     6
KINSol nni=    2 fnorm=          1.660012584318056 nfe=    11
KINSol nni=    3 fnorm=       0.001115930285357543 nfe=    15
KINSol nni=    4 fnorm=      3.994359162985393e-07 nfe=    21
KINSol nni=    5 fnorm=      1.585208159755412e-10 nfe=    27
KINSol return value 1
---KINSOL_SUCCESS

-------------------------------------------------- 
                    Iteration             Total
Nonlin. Its.:               5               131
Lin. Its.:                 16               467
Func. Evals.:              27               848
PC Evals.:                  5               131
PC Solves:                 21               598
Lin. Conv. Fails:           0                 0
Beta Cond. Fails:           0                 0
Backtracks:                 0                 2
-------------------------------------------------- 

KINSOL starting step for time 16.000000
scsteptol used:        1e-10 
fnormtol  used:        1e-09 
KINSolInit nni=    0  fnorm=          4375.964619373428  nfe=     1 
KINSol nni=    1 fnorm=          593.4924230341405 nfe=     6
KINSol nni=    2 fnorm=          56.25082734289644 nfe=    11
KINSol nni=    3 fnorm=         0.9217029772760101 nfe=    16
KINSol nni=    4 fnorm=      0.0004806530073038271 nfe=    21
KINSol nni=    5 fnorm=      2.182762326558103e-07 nfe=    27
KINSol nni=    6 fnorm=      1.883395386195066e-10 nfe=    33
KINSol return value 1
---KINSOL_SUCCESS

-------------------------------------------------- 
                    Iteration             Total
Nonlin. Its.:               6               137
Lin. Its.:                 20               487
Func. Evals.:              33               881
PC Evals.:                  6               137
PC Solves:                 26               624
Lin. Conv. Fails:           0                 0
Beta Cond. Fails:           0                 0
Backtracks:                 0                 2
-------------------------------------------------- 

KINSOL starting step for time 17.000000
scsteptol used:        1e-10 
fnormtol  used:        1e-09 
KINSolInit nni=    0  fnorm=          4279.457910139075  nfe=     1 
KINSol nni=    1 fnorm=          3217.570819757305 nfe=     6
KINSol nni=    2 fnorm=          1463.443001928445 nfe=    14
KINSol nni=    3 fnorm=           100.931977772129 nfe=    20
KINSol nni=    4 fnorm=         0.7224197285493247 nfe=    25
KINSol nni=    5 fnorm=      0.0001984997112500986 nfe=    31
KINSol nni=    6 fnorm=      1.598894068908418e-07 nfe=    37
KINSol nni=    7 fnorm=      2.349956327128287e-10 nfe=    44
KINSol return value 1
---KINSOL_SUCCESS

-------------------------------------------------- 
                    Iteration             Total
Nonlin. Its.:               7               144
Lin. Its.:                 27               514
Func. Evals.:              44               925
PC Evals.:                  7               144
PC Solves:                 34               658
Lin. Conv. Fails:           0                 0
Beta Cond. Fails:           0                 0
Backtracks:                 0                 2
-------------------------------------------------- 

KINSOL starting step for time 18.000000
scsteptol used:        1e-10 
fnormtol  used:        1e-09 
KINSolInit nni=    0  fnorm=          4136.795416097467  nfe=     1 
KINSol nni=    1 fnorm=          2830.702225493113 nfe=    10
KINSol nni=    2 fnorm=          2066.083393388161 nfe=    17
KINSol nni=    3 fnorm=          1642.862838726676 nfe=    22
KINSol nni=    4 fnorm=          55.34532722555466 nfe=    26
KINSol nni=    5 fnorm=        0.01184120829903207 nfe=    31
KINSol nni=    6 fnorm=      1.025339107629428e-06 nfe=    37
KINSol nni=    7 fnorm=      5.330807102656196e-10 nfe=    43
KINSol return value 1
---KINSOL_SUCCESS

-------------------------------------------------- 
                    Iteration             Total
Nonlin. Its.:               7               151
Lin. Its.:                 24               538
Func. Evals.:              43               968
PC Evals.:                  7               151
PC Solves:                 31               689
Lin. Conv. Fails:           0                 0
Beta Cond. Fails:           0                 0
Backtracks:                 0                 2
-------------------------------------------------- 

KINSOL starting step for time 19.000000
scsteptol used:        1e-10 
fnormtol  used:        1e-09 
KINSolInit nni=    0  fnorm=          4726.919705912913  nfe=     1 
KINSol nni=    1 fnorm=          89.10472694184161 nfe=     6
KINSol nni=    2 fnorm=           2.72343380969371 nfe=    12
KINSol nni=    3 fnorm=       0.000221961176755349 nfe=    18
KINSol nni=    4 fnorm=      1.243260379192423e-07 nfe=    24
KINSol nni=    5 fnorm=      2.464189779986648e-10 nfe=    30
KINSol return value 1
---KINSOL_SUCCESS

-------------------------------------------------- 
                    Iteration             Total
Nonlin. Its.:               5               156
Lin. Its.:                 19               557
Func. Evals.:              30               998
PC Evals.:                  5               156
PC Solves:                 24               713
Lin. Conv. Fails:           0                 0
Beta Cond. Fails:           0                 0
Backtracks:                 0                 2
-------------------------------------------------- 

KINSOL starting step for time 20.000000
scsteptol used:        1e-10 
fnormtol  used:        1e-09 
KINSolInit nni=    0  fnorm=          4726.450068232595  nfe=     1 
KINSol nni=    1 fnorm=          1356.040280052611 nfe=     6
KINSol nni=    2 fnorm=           989.438035779347 nfe=    13
KINSol nni=    3 fnorm=          987.2795365998302 nfe=    48
KINSol nni=    4 fnorm=          987.2666247891084 nfe=    78
KINSol nni=    5 fnorm=           987.253444158255 nfe=   108
KINSol nni=    6 fnorm=          987.2417254896136 nfe=   138
KINSol nni=    7 fnorm=          987.2341076568254 nfe=   168
KINSol nni=    8 fnorm=          987.2274781467484 nfe=   198
KINSol nni=    9 fnorm=          987.2205339269445 nfe=   228
KINSol nni=   10 fnorm=          987.2127770485653 nfe=   258
KINSol nni=   11 fnorm=           987.205426698625 nfe=   288
KINSol nni=   12 fnorm=          987.1974478295375 nfe=   318
KINSol nni=   13 fnorm=          987.1890200365884 nfe=   348
KINSol nni=   14 fnorm=          987.1799071960746 nfe=   378
KINSol nni=   15 fnorm=          987.1700343723788 nfe=   408
KINSol nni=   16 fnorm=           987.159778344488 nfe=   438
KINSol nni=   17 fnorm=          987.1491556036295 nfe=   468
KINSol nni=   18 fnorm=          987.1381769850229 nfe=   498
KINSol nni=   19 fnorm=          987.1268584097954 nfe=   528
KINSol nni=   20 fnorm=          987.1154888904072 nfe=   558
KINSol nni=   21 fnorm=          987.1047380312162 nfe=   588
KINSol nni=   22 fnorm=          987.0936471147445 nfe=   618
KINSol nni=   23 fnorm=          987.0820977815193 nfe=   648
KINSol nni=   24 fnorm=          987.0699236614973 nfe=   678
KINSol nni=   25 fnorm=           987.057435141257 nfe=   708
KINSol nni=   26 fnorm=          987.0446666507269 nfe=   738
KINSol nni=   27 fnorm=          987.0316421060223 nfe=   768
KINSol nni=   28 fnorm=          987.0182136270415 nfe=   798
KINSol nni=   29 fnorm=          987.0079272152309 nfe=   828
KINSol nni=   30 fnorm=          987.0016876671698 nfe=   858
KINSol nni=   31 fnorm=          986.9950340260552 nfe=   888
KINSol nni=   32 fnorm=          986.9880009378168 nfe=   918
KINSol nni=   33 fnorm=           986.980761615352 nfe=   948
KINSol nni=   34 fnorm=          986.9752965119873 nfe=   978
KINSol nni=   35 fnorm=          986.9695062300367 nfe=  1008
KINSol nni=   36 fnorm=          986.9634525003048 nfe=  1038
KINSol nni=   37 fnorm=          986.9572249906138 nfe=  1068
KINSol nni=   38 fnorm=           986.951070841618 nfe=  1098
KINSol nni=   39 fnorm=          986.9450096316785 nfe=  1128
KINSol nni=   40 fnorm=          986.9386301141957 nfe=  1158
KINSol nni=   41 fnorm=          986.9318030930128 nfe=  1188
KINSol nni=   42 fnorm=          986.9280171288505 nfe=  1218
KINSol nni=   43 fnorm=          986.9265341519042 nfe=  1248
KINSol nni=   44 fnorm=          986.9218081001612 nfe=  1278
KINSol nni=   45 fnorm=          986.9180910691603 nfe=  1308
KINSol nni=   46 fnorm=          986.9137943091735 nfe=  1338
KINSol nni=   47 fnorm=          986.9089548513369 nfe=  1368
KINSol nni=   48 fnorm=           986.903610634658 nfe=  1398
KINSol nni=   49 fnorm=          986.8977992929476 nfe=  1428
KINSol nni=   50 fnorm=          986.8974579126602 nfe=  1458
KINSol nni=   51 fnorm=          986.8899796329657 nfe=  1489
KINSol nni=   52 fnorm=          986.8823356552132 nfe=  1520
KINSol nni=   53 fnorm=          986.8820301787188 nfe=  1550
KINSol nni=   54 fnorm=          986.8809596561438 nfe=  1580
KINSol nni=   55 fnorm=          986.8734378235854 nfe=  1611
KINSol nni=   56 fnorm=           986.873278101908 nfe=  1641
KINSol nni=   57 fnorm=          986.8722982848153 nfe=  1671
KINSol nni=   58 fnorm=          986.8705491186955 nfe=  1701
KINSol nni=   59 fnorm=          986.8680759075193 nfe=  1731
KINSol nni=   60 fnorm=          986.8649124700225 nfe=  1761
KINSol nni=   61 fnorm=          986.8611065895466 nfe=  1791
KINSol nni=   62 fnorm=          986.8572638807008 nfe=  1821
KINSol nni=   63 fnorm=          986.8529327212156 nfe=  1851
KINSol nni=   64 fnorm=          986.8480418318261 nfe=  1881
KINSol nni=   65 fnorm=          986.8424814609554 nfe=  1911
KINSol nni=   66 fnorm=          986.8376377906993 nfe=  1941
KINSol nni=   67 fnorm=           986.830726003613 nfe=  1971
KINSol nni=   68 fnorm=          986.8230082814438 nfe=  2001
KINSol nni=   69 fnorm=          986.8148770221281 nfe=  2031
KINSol nni=   70 fnorm=          986.8076681695594 nfe=  2061
KINSol nni=   71 fnorm=          986.8004326826327 nfe=  2092
KINSol nni=   72 fnorm=          986.7930921491271 nfe=  2123
KINSol nni=   73 fnorm=           986.785649945318 nfe=  2154
KINSol nni=   74 fnorm=           986.778107474557 nfe=  2185
KINSol nni=   75 fnorm=          986.7704685312335 nfe=  2216
KINSol nni=   76 fnorm=          986.7627355401313 nfe=  2247
KINSol nni=   77 fnorm=          986.7552622138506 nfe=  2278
KINSol nni=   78 fnorm=          986.7481282861895 nfe=  2309
KINSol nni=   79 fnorm=          986.7408888177456 nfe=  2340
KINSol nni=   80 fnorm=          986.7335468110465 nfe=  2371
KINSol nni=   81 fnorm=          986.7261050202193 nfe=  2402
KINSol nni=   82 fnorm=          986.7185661702704 nfe=  2433
KINSol nni=   83 fnorm=          986.7109323923677 nfe=  2464
KINSol nni=   84 fnorm=          986.7107574724208 nfe=  2494
KINSol nni=   85 fnorm=          986.7098827205398 nfe=  2524
KINSol nni=   86 fnorm=           986.708348366044 nfe=  2554
KINSol nni=   87 fnorm=          986.7061923238465 nfe=  2584
KINSol nni=   88 fnorm=           986.703170894748 nfe=  2614
KINSol nni=   89 fnorm=          986.6994426175661 nfe=  2644
KINSol nni=   90 fnorm=          986.6957008531606 nfe=  2674
KINSol nni=   91 fnorm=           986.691872261356 nfe=  2704
KINSol nni=   92 fnorm=          986.6877214130917 nfe=  2734
KINSol nni=   93 fnorm=          986.6807341946512 nfe=  2764
KINSol nni=   94 fnorm=          986.6733253979711 nfe=  2794
KINSol nni=   95 fnorm=          986.6651904837096 nfe=  2824
KINSol nni=   96 fnorm=          986.6617832020451 nfe=  2854
KINSol nni=   97 fnorm=          986.6616609757231 nfe=  2884
KINSol nni=   98 fnorm=          986.6608135215364 nfe=  2914
KINSol nni=   99 fnorm=          986.6599263831655 nfe=  2944
KINSol nni=  100 fnorm=          986.6524416157835 nfe=  2975
KINSol return value 4
---KINSOL_LNSRCH_NONCONV
-------------------------------------------------- 
                    Iteration             Total
Nonlin. Its.:             100               256
Lin. Its.:               1968              2525
Func. Evals.:            2975              3973
PC Evals.:                100               256
PC Solves:               2068              2781
Lin. Conv. Fails:          98                98
Beta Cond. Fails:           0                 0
Backtracks:                 9                11
-------------------------------------------------- 

KINSOL starting step for time 19.500000
scsteptol used:        1e-10 
fnormtol  used:        1e-09 
KINSolInit nni=    0  fnorm=          2363.225034116298  nfe=     1 
KINSol nni=    1 fnorm=           280.478309811498 nfe=     6
KINSol nni=    2 fnorm=          14.68550293888525 nfe=    11
KINSol nni=    3 fnorm=        0.05332270941108411 nfe=    16
KINSol nni=    4 fnorm=      1.130090660232201e-05 nfe=    21
KINSol nni=    5 fnorm=      7.920204757575445e-09 nfe=    27
KINSol nni=    6 fnorm=      1.221556569509814e-10 nfe=    34
KINSol return value 1
---KINSOL_SUCCESS

-------------------------------------------------- 
                    Iteration             Total
Nonlin. Its.:               6               262
Lin. Its.:                 21              2546
Func. Evals.:              34              4007
PC Evals.:                  6               262
PC Solves:                 27              2808
Lin. Conv. Fails:           0                98
Beta Cond. Fails:           0                 0
Backtracks:                 0                11
-------------------------------------------------- 

KINSOL starting step for time 20.000000
scsteptol used:        1e-10 
fnormtol  used:        1e-09 
KINSolInit nni=    0  fnorm=          2362.609072977116  nfe=     1 
KINSol nni=    1 fnorm=           1298.72184493532 nfe=     6
KINSol nni=    2 fnorm=          1295.486010048888 nfe=    40
KINSol nni=    3 fnorm=          1295.443693756206 nfe=    69
KINSol nni=    4 fnorm=          1295.361008717342 nfe=    98
KINSol nni=    5 fnorm=          1295.356468264838 nfe=   127
KINSol nni=    6 fnorm=          1295.336674644712 nfe=   156
KINSol nni=    7 fnorm=          1295.292305732703 nfe=   185
KINSol nni=    8 fnorm=          1295.236317983791 nfe=   215
KINSol nni=    9 fnorm=          1295.194972056878 nfe=   244
KINSol nni=   10 fnorm=          1295.136792492457 nfe=   273
KINSol nni=   11 fnorm=           1295.09192266903 nfe=   302
KINSol nni=   12 fnorm=          1295.062905910652 nfe=   331
KINSol nni=   13 fnorm=          1295.035625723693 nfe=   360
KINSol nni=   14 fnorm=          1294.998282718399 nfe=   389
KINSol nni=   15 fnorm=          1294.916627030603 nfe=   418
KINSol nni=   16 fnorm=          1294.846900772503 nfe=   447
KINSol nni=   17 fnorm=           1294.82263609434 nfe=   476
KINSol nni=   18 fnorm=          1294.782482684132 nfe=   505
KINSol nni=   19 fnorm=          1294.688496103372 nfe=   534
KINSol nni=   20 fnorm=          1294.596784739284 nfe=   563
KINSol nni=   21 fnorm=           1294.48675405827 nfe=   592
KINSol nni=   22 fnorm=          1294.384421228383 nfe=   621
KINSol nni=   23 fnorm=          1294.328680900088 nfe=   650
KINSol nni=   24 fnorm=          1294.238147547102 nfe=   679
KINSol nni=   25 fnorm=          1294.109724469462 nfe=   707
KINSol nni=   26 fnorm=          1294.005185928573 nfe=   736
KINSol nni=   27 fnorm=          1293.889108981032 nfe=   765
KINSol nni=   28 fnorm=          1293.804821331103 nfe=   793
KINSol nni=   29 fnorm=          1293.609409469821 nfe=   821
KINSol nni=   30 fnorm=          1293.495788053484 nfe=   849
KINSol nni=   31 fnorm=           1293.23839583957 nfe=   876
KINSol nni=   32 fnorm=          1292.726131385797 nfe=   903
KINSol nni=   33 fnorm=          1292.120790395498 nfe=   931
KINSol nni=   34 fnorm=          1290.007461809669 nfe=   963
KINSol nni=   35 fnorm=          1286.756255804065 nfe=   995
KINSol nni=   36 fnorm=          1286.487794480407 nfe=  1026
KINSol nni=   37 fnorm=          1285.612469572405 nfe=  1058
KINSol nni=   38 fnorm=          1283.718765271736 nfe=  1090
KINSol nni=   39 fnorm=          1281.809605172654 nfe=  1122
KINSol nni=   40 fnorm=           1281.38863762683 nfe=  1154
KINSol nni=   41 fnorm=          1280.976304319183 nfe=  1183
KINSol nni=   42 fnorm=          1278.673342695735 nfe=  1213
KINSol nni=   43 fnorm=          1278.428325681495 nfe=  1242
KINSol nni=   44 fnorm=          1277.462807778886 nfe=  1267
KINSol nni=   45 fnorm=          1276.391038957357 nfe=  1298
KINSol nni=   46 fnorm=          1276.359673853073 nfe=  1330
KINSol nni=   47 fnorm=          1276.355276090459 nfe=  1364
KINSol nni=   48 fnorm=          1276.350418589096 nfe=  1398
KINSol nni=   49 fnorm=          1276.349198765797 nfe=  1433
KINSol nni=   50 fnorm=          1276.348424972774 nfe=  1467
KINSol nni=   51 fnorm=          1276.345623682233 nfe=  1502
KINSol nni=   52 fnorm=          1276.343200315171 nfe=  1534
KINSol nni=   53 fnorm=          1276.260881976767 nfe=  1563
KINSol nni=   54 fnorm=          1276.189692498266 nfe=  1592
KINSol nni=   55 fnorm=          1276.169085665367 nfe=  1621
KINSol nni=   56 fnorm=          1276.086184868409 nfe=  1651
KINSol nni=   57 fnorm=          1276.007445557954 nfe=  1681
KINSol nni=   58 fnorm=          1275.938948959329 nfe=  1711
KINSol nni=   59 fnorm=          1275.883891669009 nfe=  1741
KINSol nni=   60 fnorm=          1275.817825164985 nfe=  1771
KINSol nni=   61 fnorm=           1275.76114194724 nfe=  1801
KINSol nni=   62 fnorm=          1275.725949384361 nfe=  1831
KINSol nni=   63 fnorm=          1274.820673909995 nfe=  1865
KINSol nni=   64 fnorm=          1271.136096148609 nfe=  1897
KINSol nni=   65 fnorm=          1269.641015015962 nfe=  1924
KINSol nni=   66 fnorm=          1263.750847310978 nfe=  1950
KINSol nni=   67 fnorm=          1260.159599058304 nfe=  1962
KINSol nni=   68 fnorm=          1259.008531144354 nfe=  1976
KINSol nni=   69 fnorm=          1252.782817352288 nfe=  1997
KINSol nni=   70 fnorm=          1202.411106096228 nfe=  2011
KINSol nni=   71 fnorm=          1179.276755344849 nfe=  2024
KINSol nni=   72 fnorm=          1099.432076770433 nfe=  2034
KINSol nni=   73 fnorm=          1089.962703358063 nfe=  2043
KINSol nni=   74 fnorm=          1080.518101088433 nfe=  2053
KINSol nni=   75 fnorm=          1074.202828866641 nfe=  2063
KINSol nni=   76 fnorm=          1068.301114807801 nfe=  2073
KINSol nni=   77 fnorm=           1059.01767517133 nfe=  2083
KINSol nni=   78 fnorm=          1044.777764733218 nfe=  2093
KINSol nni=   79 fnorm=          1036.464724159071 nfe=  2104
KINSol nni=   80 fnorm=          993.0147612710231 nfe=  2113
KINSol nni=   81 fnorm=           973.673996892051 nfe=  2123
KINSol nni=   82 fnorm=          964.9419277066042 nfe=  2132
KINSol nni=   83 fnorm=          949.9829349838908 nfe=  2141
KINSol nni=   84 fnorm=          913.5096247582366 nfe=  2150
KINSol nni=   85 fnorm=          876.9278123937082 nfe=  2159
KINSol nni=   86 fnorm=          855.2624885144179 nfe=  2168
KINSol nni=   87 fnorm=          835.8556143521611 nfe=  2177
KINSol nni=   88 fnorm=          835.3491998394343 nfe=  2187
KINSol nni=   89 fnorm=          815.3985774611592 nfe=  2201
KINSol nni=   90 fnorm=          0.477034584848627 nfe=  2205
KINSol nni=   91 fnorm=      0.0002883425385802983 nfe=  2209
KINSol nni=   92 fnorm=      4.808518450150456e-09 nfe=  2214
KINSol nni=   93 fnorm=      2.046846775897821e-10 nfe=  2218
KINSol return value 1
---KINSOL_SUCCESS

-------------------------------------------------- 
                    Iteration             Total
Nonlin. Its.:              93               355
Lin. Its.:               1428              3974
Func. Evals.:            2218              6225
PC Evals.:                 93               355
PC Solves:               1521              4329
Lin. Conv. Fails:          63               161
Beta Cond. Fails:           0                 0
Backtracks:                 0                11
-------------------------------------------------- 
