*****************************************************************************
ParFlow Output Log
	Version        : v3.3.1-33-g8007d23
	Compiled on    : May  3 2019 21:02:25
*****************************************************************************
==============================================
BEGIN Log Info (SolverRichards)

Transient Problem Solved.
-------------------------

Total Timesteps: 22

-------------------------
Sequence #       Time         \Delta t         Dumpfile #   Recompute?
----------   ------------   ------------ -     ----------   ----------
  000000     0.000000e+00   0.000000e+00 i       000000          n
  000001     1.000000e+00   1.000000e+00 p       000001          y
  000002     1.500000e+00   5.000000e-01 p                       y
  000003     2.000000e+00   5.000000e-01 p       000002          y
  000004     3.000000e+00   1.000000e+00 p       000003          y
  000005     4.000000e+00   1.000000e+00 p       000004          y
  000006     5.000000e+00   1.000000e+00 p       000005          y
  000007     6.000000e+00   1.000000e+00 p       000006          y
  000008     7.000000e+00   1.000000e+00 p       000007          y
  000009     8.000000e+00   1.000000e+00 p       000008          y
  000010     9.000000e+00   1.000000e+00 p       000009          y
  000011     1.000000e+01   1.000000e+00 p       000010          y
  000012     1.100000e+01   1.000000e+00 p       000011          y
  000013     1.200000e+01   1.000000e+00 p       000012          y
  000014     1.300000e+01   1.000000e+00 p       000013          y
  000015     1.400000e+01   1.000000e+00 p       000014          y
  000016     1.500000e+01   1.000000e+00 p       000015          y
  000017     1.600000e+01   1.000000e+00 p       000016          y
  000018     1.700000e+01   1.000000e+00 p       000017          y
  000019     1.800000e+01   1.000000e+00 p       000018          y
  000020     1.900000e+01   1.000000e+00 p       000019          y
  000021     1.950000e+01   5.000000e-01 f                       y
  000022     2.000000e+01   5.000000e-01 f       000020          y

Overland flow Results
  000000     0.000000e+00   0.000000e+00
  000001     1.000000e+00   1.000000e+00
  000002     1.500000e+00   5.000000e-01
  000003     2.000000e+00   5.000000e-01
  000004     3.000000e+00   1.000000e+00
  000005     4.000000e+00   1.000000e+00
  000006     5.000000e+00   1.000000e+00
  000007     6.000000e+00   1.000000e+00
  000008     7.000000e+00   1.000000e+00
  000009     8.000000e+00   1.000000e+00
  000010     9.000000e+00   1.000000e+00
  000011     1.000000e+01   1.000000e+00
  000012     1.100000e+01   1.000000e+00
  000013     1.200000e+01   1.000000e+00
  000014     1.300000e+01   1.000000e+00
  000015     1.400000e+01   1.000000e+00
  000016     1.500000e+01   1.000000e+00
  000017     1.600000e+01   1.000000e+00
  000018     1.700000e+01   1.000000e+00
  000019     1.800000e+01   1.000000e+00
  000020     1.900000e+01   1.000000e+00
  000021     1.950000e+01   5.000000e-01
  000022     2.000000e+01   5.000000e-01

END Log Info
==============================================
==============================================
BEGIN Log Info (Globals)

Run Name: slopes_only
Logging Level = 1
Num processes = 1
Process grid = (1,1,1)

END Log Info
==============================================
==============================================
BEGIN Log Info (ParFlow Total Time)

Total Run Time: 7.240500 seconds

Maximum memory used on processor 0 : 6 MB


BEGIN(Contents of /proc/2311/status)
Name:	parflow
Umask:	0022
State:	R (running)
Tgid:	2311
Ngid:	0
Pid:	2311
PPid:	2306
TracerPid:	0
Uid:	1000	1000	1000	1000
Gid:	1000	1000	1000	1000
FDSize:	64
Groups:	4 24 27 30 46 116 126 1000 
NStgid:	2311
NSpid:	2311
NSpgid:	2311
NSsid:	2235
VmPeak:	  359588 kB
VmSize:	  347376 kB
VmLck:	       0 kB
VmPin:	       0 kB
VmHWM:	   19940 kB
VmRSS:	   19292 kB
RssAnon:	    5976 kB
RssFile:	   13316 kB
RssShmem:	       0 kB
VmData:	   23296 kB
VmStk:	     804 kB
VmExe:	    4348 kB
VmLib:	   46484 kB
VmPTE:	     396 kB
VmSwap:	       0 kB
HugetlbPages:	       0 kB
CoreDumping:	0
Threads:	3
SigQ:	0/62351
SigPnd:	0000000000000000
ShdPnd:	0000000000000000
SigBlk:	0000000000000000
SigIgn:	0000000000000000
SigCgt:	00000001800004e0
CapInh:	0000000000000000
CapPrm:	0000000000000000
CapEff:	0000000000000000
CapBnd:	0000003fffffffff
CapAmb:	0000000000000000
NoNewPrivs:	0
Seccomp:	0
Speculation_Store_Bypass:	thread vulnerable
Cpus_allowed:	fff
Cpus_allowed_list:	0-11
Mems_allowed:	00000000,00000000,00000000,00000000,00000000,00000000,00000000,00000000,00000000,00000000,00000000,00000000,00000000,00000000,00000000,00000000,00000000,00000000,00000000,00000000,00000000,00000000,00000000,00000000,00000000,00000000,00000000,00000000,00000000,00000000,00000000,00000001
Mems_allowed_list:	0
voluntary_ctxt_switches:	996
nonvoluntary_ctxt_switches:	14


END(Contents of /proc/2311/status)

Memory in use : 3 MB in 233 allocs, 4 MB reserved ( 2 unused)


END Log Info
==============================================
