
KINSOL starting step for time 1.000000
scsteptol used:        1e-30 
fnormtol  used:        1e-09 
KINSolInit nni=    0  fnorm=          54772.25575051661  nfe=     1 
KINSol nni=    1 fnorm=          53691.88023896264 nfe=    17
KINSol nni=    2 fnorm=            14773.223353502 nfe=    31
KINSol nni=    3 fnorm=           13962.7492378712 nfe=    39
KINSol nni=    4 fnorm=          12960.02952994707 nfe=    45
KINSol nni=    5 fnorm=          9697.774223577073 nfe=    56
KINSol nni=    6 fnorm=          6528.531050035143 nfe=    61
KINSol nni=    7 fnorm=          5901.165681692074 nfe=    64
KINSol nni=    8 fnorm=          3511.815686615847 nfe=    69
KINSol nni=    9 fnorm=          602.5895216713752 nfe=    72
KINSol nni=   10 fnorm=          25.84734623550223 nfe=    75
KINSol nni=   11 fnorm=        0.03568661906338087 nfe=    78
KINSol nni=   12 fnorm=      3.355850364472291e-06 nfe=    81
KINSol nni=   13 fnorm=      3.229346617005102e-10 nfe=    84
KINSol return value 1
---KINSOL_SUCCESS

-------------------------------------------------- 
                    Iteration             Total
Nonlin. Its.:              13                13
Lin. Its.:                 31                31
Func. Evals.:              84                84
PC Evals.:                 13                13
PC Solves:                 44                44
Lin. Conv. Fails:           0                 0
Beta Cond. Fails:           0                 0
Backtracks:                 0                 0
-------------------------------------------------- 

KINSOL starting step for time 2.000000
scsteptol used:        1e-30 
fnormtol  used:        1e-09 
KINSolInit nni=    0  fnorm=          54772.25575051661  nfe=     1 
KINSol nni=    1 fnorm=           27586.1034451443 nfe=     6
KINSol nni=    2 fnorm=          27534.35716748412 nfe=    16
KINSol nni=    3 fnorm=          22552.95889370991 nfe=    31
KINSol nni=    4 fnorm=          2277.631252885617 nfe=    44
KINSol nni=    5 fnorm=          22.94661424079735 nfe=    54
KINSol nni=    6 fnorm=         0.5578076168374416 nfe=    67
KINSol nni=    7 fnorm=       0.004016406435164075 nfe=    78
KINSol nni=    8 fnorm=      0.0001127024980552418 nfe=    91
KINSol nni=    9 fnorm=      7.337026567865963e-07 nfe=   104
KINSol nni=   10 fnorm=      4.386174613604334e-08 nfe=   118
KINSol nni=   11 fnorm=      3.873334419654655e-10 nfe=   130
KINSol return value 1
---KINSOL_SUCCESS

-------------------------------------------------- 
                    Iteration             Total
Nonlin. Its.:              11                24
Lin. Its.:                 96               127
Func. Evals.:             130               214
PC Evals.:                 11                24
PC Solves:                107               151
Lin. Conv. Fails:           0                 0
Beta Cond. Fails:           0                 0
Backtracks:                 0                 0
-------------------------------------------------- 

KINSOL starting step for time 3.000000
scsteptol used:        1e-30 
fnormtol  used:        1e-09 
KINSolInit nni=    0  fnorm=          50329.83556251674  nfe=     1 
KINSol nni=    1 fnorm=          4065.910051204305 nfe=    15
KINSol nni=    2 fnorm=          104.5829151969835 nfe=    27
KINSol nni=    3 fnorm=         0.5416953859092122 nfe=    40
KINSol nni=    4 fnorm=       0.001426248630857792 nfe=    53
KINSol nni=    5 fnorm=      2.386231485176765e-06 nfe=    65
KINSol nni=    6 fnorm=      2.098052878309332e-08 nfe=    78
KINSol nni=    7 fnorm=      1.290682898446785e-09 nfe=    92
KINSol return value 1
---KINSOL_SUCCESS

-------------------------------------------------- 
                    Iteration             Total
Nonlin. Its.:               7                31
Lin. Its.:                 77               204
Func. Evals.:              92               306
PC Evals.:                  7                31
PC Solves:                 84               235
Lin. Conv. Fails:           0                 0
Beta Cond. Fails:           0                 0
Backtracks:                 0                 0
-------------------------------------------------- 

KINSOL starting step for time 4.000000
scsteptol used:        1e-30 
fnormtol  used:        1e-09 
KINSolInit nni=    0  fnorm=          47518.05745579651  nfe=     1 
KINSol nni=    1 fnorm=          412.3976749529077 nfe=    14
KINSol nni=    2 fnorm=          2.383304353647317 nfe=    28
KINSol nni=    3 fnorm=       0.006673136769617966 nfe=    41
KINSol nni=    4 fnorm=      2.139346125087927e-05 nfe=    54
KINSol nni=    5 fnorm=      1.661808782872882e-07 nfe=    68
KINSol nni=    6 fnorm=      1.348112001454542e-09 nfe=    81
KINSol return value 1
---KINSOL_SUCCESS

-------------------------------------------------- 
                    Iteration             Total
Nonlin. Its.:               6                37
Lin. Its.:                 68               272
Func. Evals.:              81               387
PC Evals.:                  6                37
PC Solves:                 74               309
Lin. Conv. Fails:           0                 0
Beta Cond. Fails:           0                 0
Backtracks:                 0                 0
-------------------------------------------------- 

KINSOL starting step for time 5.000000
scsteptol used:        1e-30 
fnormtol  used:        1e-09 
KINSolInit nni=    0  fnorm=          47404.91383628882  nfe=     1 
KINSol nni=    1 fnorm=          461.5767039717019 nfe=     8
KINSol nni=    2 fnorm=           3.07666684536312 nfe=    22
KINSol nni=    3 fnorm=       0.005523134800880265 nfe=    36
KINSol nni=    4 fnorm=      1.885663390409302e-05 nfe=    50
KINSol nni=    5 fnorm=      3.074401230649859e-08 nfe=    64
KINSol nni=    6 fnorm=      4.850259438525748e-11 nfe=    78
KINSol return value 1
---KINSOL_SUCCESS

-------------------------------------------------- 
                    Iteration             Total
Nonlin. Its.:               6                43
Lin. Its.:                 65               337
Func. Evals.:              78               465
PC Evals.:                  6                43
PC Solves:                 71               380
Lin. Conv. Fails:           0                 0
Beta Cond. Fails:           0                 0
Backtracks:                 0                 0
-------------------------------------------------- 

KINSOL starting step for time 6.000000
scsteptol used:        1e-30 
fnormtol  used:        1e-09 
KINSolInit nni=    0  fnorm=          47380.36656751762  nfe=     1 
KINSol nni=    1 fnorm=          345.9916417109327 nfe=     4
KINSol nni=    2 fnorm=          5.062423154097409 nfe=    17
KINSol nni=    3 fnorm=        0.02146248080792293 nfe=    31
KINSol nni=    4 fnorm=      6.077986123107966e-05 nfe=    45
KINSol nni=    5 fnorm=      2.027318513332997e-07 nfe=    59
KINSol nni=    6 fnorm=      3.476994795314808e-10 nfe=    73
KINSol return value 1
---KINSOL_SUCCESS

-------------------------------------------------- 
                    Iteration             Total
Nonlin. Its.:               6                49
Lin. Its.:                 60               397
Func. Evals.:              73               538
PC Evals.:                  6                49
PC Solves:                 66               446
Lin. Conv. Fails:           0                 0
Beta Cond. Fails:           0                 0
Backtracks:                 0                 0
-------------------------------------------------- 

KINSOL starting step for time 7.000000
scsteptol used:        1e-30 
fnormtol  used:        1e-09 
KINSolInit nni=    0  fnorm=          27385.87433858564  nfe=     1 
KINSol nni=    1 fnorm=          4991.698536515382 nfe=    14
KINSol nni=    2 fnorm=          749.2615582946049 nfe=    28
KINSol nni=    3 fnorm=          40.92297948444555 nfe=    41
KINSol nni=    4 fnorm=         0.4084225904291376 nfe=    54
KINSol nni=    5 fnorm=        0.02026226684772134 nfe=    68
KINSol nni=    6 fnorm=      8.728836922689923e-05 nfe=    81
KINSol nni=    7 fnorm=      3.679718457355577e-06 nfe=    94
KINSol nni=    8 fnorm=      2.388312549807635e-08 nfe=   108
KINSol nni=    9 fnorm=        1.6972142472876e-10 nfe=   121
KINSol return value 1
---KINSOL_SUCCESS

-------------------------------------------------- 
                    Iteration             Total
Nonlin. Its.:               9                58
Lin. Its.:                102               499
Func. Evals.:             121               659
PC Evals.:                  9                58
PC Solves:                111               557
Lin. Conv. Fails:           0                 0
Beta Cond. Fails:           0                 0
Backtracks:                 0                 0
-------------------------------------------------- 

KINSOL starting step for time 8.000000
scsteptol used:        1e-30 
fnormtol  used:        1e-09 
KINSolInit nni=    0  fnorm=          5184.447739952106  nfe=     1 
KINSol nni=    1 fnorm=          651.5947982984756 nfe=    15
KINSol nni=    2 fnorm=          28.21416347460773 nfe=    26
KINSol nni=    3 fnorm=          1.873846559881568 nfe=    38
KINSol nni=    4 fnorm=        0.03473541679159314 nfe=    51
KINSol nni=    5 fnorm=       0.003695909547165179 nfe=    65
KINSol nni=    6 fnorm=      3.759540578721362e-05 nfe=    77
KINSol nni=    7 fnorm=      8.444053114154149e-07 nfe=    91
KINSol nni=    8 fnorm=      7.205463317160427e-09 nfe=   104
KINSol nni=    9 fnorm=      1.366741891047872e-10 nfe=   117
KINSol return value 1
---KINSOL_SUCCESS

-------------------------------------------------- 
                    Iteration             Total
Nonlin. Its.:               9                67
Lin. Its.:                 98               597
Func. Evals.:             117               776
PC Evals.:                  9                67
PC Solves:                107               664
Lin. Conv. Fails:           0                 0
Beta Cond. Fails:           0                 0
Backtracks:                 0                 0
-------------------------------------------------- 

KINSOL starting step for time 9.000000
scsteptol used:        1e-30 
fnormtol  used:        1e-09 
KINSolInit nni=    0  fnorm=           1477.09263947466  nfe=     1 
KINSol nni=    1 fnorm=          142.4817693315462 nfe=    11
KINSol nni=    2 fnorm=          3.346247293516525 nfe=    20
KINSol nni=    3 fnorm=         0.3384664717197665 nfe=    32
KINSol nni=    4 fnorm=        0.00627993825384224 nfe=    43
KINSol nni=    5 fnorm=      0.0005808181114345283 nfe=    56
KINSol nni=    6 fnorm=      1.119640580877357e-05 nfe=    68
KINSol nni=    7 fnorm=      2.668541578497419e-07 nfe=    78
KINSol nni=    8 fnorm=      2.275683532784732e-08 nfe=    92
KINSol nni=    9 fnorm=      4.307733268781475e-10 nfe=   104
KINSol return value 1
---KINSOL_SUCCESS

-------------------------------------------------- 
                    Iteration             Total
Nonlin. Its.:               9                76
Lin. Its.:                 85               682
Func. Evals.:             104               880
PC Evals.:                  9                76
PC Solves:                 94               758
Lin. Conv. Fails:           0                 0
Beta Cond. Fails:           0                 0
Backtracks:                 0                 0
-------------------------------------------------- 

KINSOL starting step for time 10.000000
scsteptol used:        1e-30 
fnormtol  used:        1e-09 
KINSolInit nni=    0  fnorm=          558.7561623693449  nfe=     1 
KINSol nni=    1 fnorm=          40.07204056304131 nfe=     8
KINSol nni=    2 fnorm=         0.4173004177614372 nfe=    15
KINSol nni=    3 fnorm=        0.05011858163052775 nfe=    25
KINSol nni=    4 fnorm=       0.001304067914620513 nfe=    34
KINSol nni=    5 fnorm=      5.623627686681276e-05 nfe=    46
KINSol nni=    6 fnorm=      1.215327780790599e-06 nfe=    57
KINSol nni=    7 fnorm=      2.373238662943001e-08 nfe=    67
KINSol nni=    8 fnorm=      7.068260099854321e-10 nfe=    78
KINSol return value 1
---KINSOL_SUCCESS

-------------------------------------------------- 
                    Iteration             Total
Nonlin. Its.:               8                84
Lin. Its.:                 61               743
Func. Evals.:              78               958
PC Evals.:                  8                84
PC Solves:                 69               827
Lin. Conv. Fails:           0                 0
Beta Cond. Fails:           0                 0
Backtracks:                 0                 0
-------------------------------------------------- 

KINSOL starting step for time 11.000000
scsteptol used:        1e-30 
fnormtol  used:        1e-09 
KINSolInit nni=    0  fnorm=          293.8895557436327  nfe=     1 
KINSol nni=    1 fnorm=          14.01119491802802 nfe=     6
KINSol nni=    2 fnorm=         0.1733856385673546 nfe=    12
KINSol nni=    3 fnorm=        0.03506329420007788 nfe=    23
KINSol nni=    4 fnorm=       0.001291375346933622 nfe=    31
KINSol nni=    5 fnorm=      8.639551333703078e-05 nfe=    42
KINSol nni=    6 fnorm=      5.219255003419904e-06 nfe=    53
KINSol nni=    7 fnorm=      3.063673783502071e-07 nfe=    65
KINSol nni=    8 fnorm=      1.794302288163203e-08 nfe=    76
KINSol nni=    9 fnorm=      1.087282001931874e-09 nfe=    88
KINSol return value 1
---KINSOL_SUCCESS

-------------------------------------------------- 
                    Iteration             Total
Nonlin. Its.:               9                93
Lin. Its.:                 69               812
Func. Evals.:              88              1046
PC Evals.:                  9                93
PC Solves:                 78               905
Lin. Conv. Fails:           0                 0
Beta Cond. Fails:           0                 0
Backtracks:                 0                 0
-------------------------------------------------- 

KINSOL starting step for time 12.000000
scsteptol used:        1e-30 
fnormtol  used:        1e-09 
KINSolInit nni=    0  fnorm=           215.428234975517  nfe=     1 
KINSol nni=    1 fnorm=          5.802966062053708 nfe=     6
KINSol nni=    2 fnorm=         0.0489465251040101 nfe=    11
KINSol nni=    3 fnorm=        0.01401188701721774 nfe=    20
KINSol nni=    4 fnorm=      0.0007170745364095625 nfe=    28
KINSol nni=    5 fnorm=      4.993156390994408e-05 nfe=    37
KINSol nni=    6 fnorm=      3.569110353652775e-06 nfe=    46
KINSol nni=    7 fnorm=      2.498000070041355e-07 nfe=    56
KINSol nni=    8 fnorm=       2.19390385888165e-08 nfe=    67
KINSol nni=    9 fnorm=      1.434553885859145e-09 nfe=    77
KINSol return value 1
---KINSOL_SUCCESS

-------------------------------------------------- 
                    Iteration             Total
Nonlin. Its.:               9               102
Lin. Its.:                 58               870
Func. Evals.:              77              1123
PC Evals.:                  9               102
PC Solves:                 67               972
Lin. Conv. Fails:           0                 0
Beta Cond. Fails:           0                 0
Backtracks:                 0                 0
-------------------------------------------------- 

KINSOL starting step for time 13.000000
scsteptol used:        1e-30 
fnormtol  used:        1e-09 
KINSolInit nni=    0  fnorm=          191.8597728329818  nfe=     1 
KINSol nni=    1 fnorm=          2.766212448279291 nfe=     5
KINSol nni=    2 fnorm=         0.0175772808398568 nfe=    11
KINSol nni=    3 fnorm=       0.004879702295423799 nfe=    18
KINSol nni=    4 fnorm=      0.0002856324786142029 nfe=    25
KINSol nni=    5 fnorm=       2.57846098697984e-05 nfe=    33
KINSol nni=    6 fnorm=      2.664936610495929e-06 nfe=    42
KINSol nni=    7 fnorm=      3.010697484271069e-07 nfe=    51
KINSol nni=    8 fnorm=      3.343502014408774e-08 nfe=    60
KINSol nni=    9 fnorm=      3.769159385370715e-09 nfe=    69
KINSol nni=   10 fnorm=      4.273653342613638e-10 nfe=    78
KINSol return value 1
---KINSOL_SUCCESS

-------------------------------------------------- 
                    Iteration             Total
Nonlin. Its.:              10               112
Lin. Its.:                 57               927
Func. Evals.:              78              1201
PC Evals.:                 10               112
PC Solves:                 67              1039
Lin. Conv. Fails:           0                 0
Beta Cond. Fails:           0                 0
Backtracks:                 0                 0
-------------------------------------------------- 

KINSOL starting step for time 14.000000
scsteptol used:        1e-30 
fnormtol  used:        1e-09 
KINSolInit nni=    0  fnorm=          183.8328902331245  nfe=     1 
KINSol nni=    1 fnorm=          1.376515972461528 nfe=     5
KINSol nni=    2 fnorm=       0.008229165834343409 nfe=    10
KINSol nni=    3 fnorm=       0.001985959415395608 nfe=    16
KINSol nni=    4 fnorm=      0.0001687241759315912 nfe=    22
KINSol nni=    5 fnorm=      1.703349222977236e-05 nfe=    30
KINSol nni=    6 fnorm=      1.774819843752081e-06 nfe=    38
KINSol nni=    7 fnorm=      2.062563780883203e-07 nfe=    46
KINSol nni=    8 fnorm=      2.643195833816281e-08 nfe=    54
KINSol nni=    9 fnorm=      3.639861466545688e-09 nfe=    63
KINSol nni=   10 fnorm=       5.19399007559521e-10 nfe=    71
KINSol return value 1
---KINSOL_SUCCESS

-------------------------------------------------- 
                    Iteration             Total
Nonlin. Its.:              10               122
Lin. Its.:                 50               977
Func. Evals.:              71              1272
PC Evals.:                 10               122
PC Solves:                 60              1099
Lin. Conv. Fails:           0                 0
Beta Cond. Fails:           0                 0
Backtracks:                 0                 0
-------------------------------------------------- 

KINSOL starting step for time 15.000000
scsteptol used:        1e-30 
fnormtol  used:        1e-09 
KINSolInit nni=    0  fnorm=          180.4303635487273  nfe=     1 
KINSol nni=    1 fnorm=         0.7767417722001817 nfe=     5
KINSol nni=    2 fnorm=       0.009203108469334814 nfe=     9
KINSol nni=    3 fnorm=      0.0004880179153719476 nfe=    16
KINSol nni=    4 fnorm=      9.792105422057515e-05 nfe=    23
KINSol nni=    5 fnorm=      1.221209372245847e-05 nfe=    31
KINSol nni=    6 fnorm=       1.48534751883636e-06 nfe=    39
KINSol nni=    7 fnorm=      1.810969390183203e-07 nfe=    47
KINSol nni=    8 fnorm=      4.162991136908814e-08 nfe=    55
KINSol nni=    9 fnorm=      2.694552287037534e-09 nfe=    61
KINSol nni=   10 fnorm=      2.711243056261535e-10 nfe=    68
KINSol return value 1
---KINSOL_SUCCESS

-------------------------------------------------- 
                    Iteration             Total
Nonlin. Its.:              10               132
Lin. Its.:                 47              1024
Func. Evals.:              68              1340
PC Evals.:                 10               132
PC Solves:                 57              1156
Lin. Conv. Fails:           0                 0
Beta Cond. Fails:           0                 0
Backtracks:                 0                 0
-------------------------------------------------- 

KINSOL starting step for time 16.000000
scsteptol used:        1e-30 
fnormtol  used:        1e-09 
KINSolInit nni=    0  fnorm=          178.5652039880185  nfe=     1 
KINSol nni=    1 fnorm=         0.5022576476551089 nfe=     5
KINSol nni=    2 fnorm=       0.003773784166145878 nfe=     9
KINSol nni=    3 fnorm=      0.0001719076313693203 nfe=    15
KINSol nni=    4 fnorm=      4.684483444233272e-05 nfe=    22
KINSol nni=    5 fnorm=      6.600405792172888e-06 nfe=    30
KINSol nni=    6 fnorm=      1.032563471513362e-06 nfe=    37
KINSol nni=    7 fnorm=      1.673122592556664e-07 nfe=    44
KINSol nni=    8 fnorm=      2.410505820036787e-08 nfe=    51
KINSol nni=    9 fnorm=      3.418065796013791e-09 nfe=    58
KINSol nni=   10 fnorm=      4.932698238263054e-10 nfe=    65
KINSol return value 1
---KINSOL_SUCCESS

-------------------------------------------------- 
                    Iteration             Total
Nonlin. Its.:              10               142
Lin. Its.:                 44              1068
Func. Evals.:              65              1405
PC Evals.:                 10               142
PC Solves:                 54              1210
Lin. Conv. Fails:           0                 0
Beta Cond. Fails:           0                 0
Backtracks:                 0                 0
-------------------------------------------------- 

KINSOL starting step for time 17.000000
scsteptol used:        1e-30 
fnormtol  used:        1e-09 
KINSolInit nni=    0  fnorm=          177.2765777570507  nfe=     1 
KINSol nni=    1 fnorm=           0.36818958329649 nfe=     5
KINSol nni=    2 fnorm=       0.002145262087247008 nfe=     9
KINSol nni=    3 fnorm=      6.631778589733153e-05 nfe=    14
KINSol nni=    4 fnorm=      2.158807351009804e-05 nfe=    21
KINSol nni=    5 fnorm=      3.317057340692003e-06 nfe=    28
KINSol nni=    6 fnorm=      5.823389938845925e-07 nfe=    35
KINSol nni=    7 fnorm=      9.688649437232607e-08 nfe=    42
KINSol nni=    8 fnorm=      1.471744934252033e-08 nfe=    48
KINSol nni=    9 fnorm=       2.15267274174468e-09 nfe=    54
KINSol nni=   10 fnorm=      3.322839785284966e-10 nfe=    60
KINSol return value 1
---KINSOL_SUCCESS

-------------------------------------------------- 
                    Iteration             Total
Nonlin. Its.:              10               152
Lin. Its.:                 39              1107
Func. Evals.:              60              1465
PC Evals.:                 10               152
PC Solves:                 49              1259
Lin. Conv. Fails:           0                 0
Beta Cond. Fails:           0                 0
Backtracks:                 0                 0
-------------------------------------------------- 

KINSOL starting step for time 18.000000
scsteptol used:        1e-30 
fnormtol  used:        1e-09 
KINSolInit nni=    0  fnorm=          176.2305744399133  nfe=     1 
KINSol nni=    1 fnorm=         0.2950420059332683 nfe=     5
KINSol nni=    2 fnorm=       0.001659028115970598 nfe=     9
KINSol nni=    3 fnorm=        2.6492762874658e-05 nfe=    14
KINSol nni=    4 fnorm=      1.346060283342539e-05 nfe=    21
KINSol nni=    5 fnorm=      2.139633923753308e-06 nfe=    28
KINSol nni=    6 fnorm=      3.342693637998482e-07 nfe=    34
KINSol nni=    7 fnorm=      4.873595487001683e-08 nfe=    40
KINSol nni=    8 fnorm=       7.39905876513256e-09 nfe=    46
KINSol nni=    9 fnorm=      1.142970559685986e-09 nfe=    52
KINSol return value 1
---KINSOL_SUCCESS

-------------------------------------------------- 
                    Iteration             Total
Nonlin. Its.:               9               161
Lin. Its.:                 33              1140
Func. Evals.:              52              1517
PC Evals.:                  9               161
PC Solves:                 42              1301
Lin. Conv. Fails:           0                 0
Beta Cond. Fails:           0                 0
Backtracks:                 0                 0
-------------------------------------------------- 

KINSOL starting step for time 19.000000
scsteptol used:        1e-30 
fnormtol  used:        1e-09 
KINSolInit nni=    0  fnorm=          175.2987795705615  nfe=     1 
KINSol nni=    1 fnorm=         0.2467945187195512 nfe=     5
KINSol nni=    2 fnorm=       0.001467341759637515 nfe=     9
KINSol nni=    3 fnorm=       1.45941587991458e-05 nfe=    13
KINSol nni=    4 fnorm=      1.021291276008137e-05 nfe=    19
KINSol nni=    5 fnorm=      1.431669919018346e-06 nfe=    24
KINSol nni=    6 fnorm=      1.984679772084264e-07 nfe=    29
KINSol nni=    7 fnorm=      2.722822581885469e-08 nfe=    34
KINSol nni=    8 fnorm=      3.699381238241705e-09 nfe=    39
KINSol nni=    9 fnorm=      5.221857579521729e-10 nfe=    44
KINSol return value 1
---KINSOL_SUCCESS

-------------------------------------------------- 
                    Iteration             Total
Nonlin. Its.:               9               170
Lin. Its.:                 25              1165
Func. Evals.:              44              1561
PC Evals.:                  9               170
PC Solves:                 34              1335
Lin. Conv. Fails:           0                 0
Beta Cond. Fails:           0                 0
Backtracks:                 0                 0
-------------------------------------------------- 

KINSOL starting step for time 20.000000
scsteptol used:        1e-30 
fnormtol  used:        1e-09 
KINSolInit nni=    0  fnorm=          174.4272469321259  nfe=     1 
KINSol nni=    1 fnorm=         0.2080510160255641 nfe=     5
KINSol nni=    2 fnorm=       0.001375290355871981 nfe=     9
KINSol nni=    3 fnorm=      8.761631428045602e-06 nfe=    13
KINSol nni=    4 fnorm=      8.077299865750048e-06 nfe=    19
KINSol nni=    5 fnorm=      1.127289042698813e-06 nfe=    24
KINSol nni=    6 fnorm=      1.592157910050919e-07 nfe=    28
KINSol nni=    7 fnorm=      2.223598026690969e-08 nfe=    33
KINSol nni=    8 fnorm=      3.200791666633896e-09 nfe=    37
KINSol nni=    9 fnorm=        4.8130837037996e-10 nfe=    42
KINSol return value 1
---KINSOL_SUCCESS

-------------------------------------------------- 
                    Iteration             Total
Nonlin. Its.:               9               179
Lin. Its.:                 23              1188
Func. Evals.:              42              1603
PC Evals.:                  9               179
PC Solves:                 32              1367
Lin. Conv. Fails:           0                 0
Beta Cond. Fails:           0                 0
Backtracks:                 0                 0
-------------------------------------------------- 
